<?xml version="1.0" encoding="UTF-8"?>
<testng-results skipped="0" failed="0" ignored="0" total="1" passed="1">
  <reporter-output>
  </reporter-output>
  <suite name="Default suite" duration-ms="8183" started-at="2019-02-28T17:57:15Z" finished-at="2019-02-28T17:57:23Z">
    <groups>
    </groups>
    <test name="Default test" duration-ms="8183" started-at="2019-02-28T17:57:15Z" finished-at="2019-02-28T17:57:23Z">
      <class name="BaseTest">
        <test-method status="PASS" signature="setup()[pri:0, instance:BaseTest@7c16905e]" name="setup" is-config="true" duration-ms="6935" started-at="2019-02-28T17:57:15Z" finished-at="2019-02-28T17:57:22Z">
          <reporter-output>
          </reporter-output>
        </test-method> <!-- setup -->
        <test-method status="PASS" signature="getTitle()[pri:0, instance:BaseTest@7c16905e]" name="getTitle" duration-ms="1229" started-at="2019-02-28T17:57:22Z" finished-at="2019-02-28T17:57:23Z">
          <reporter-output>
          </reporter-output>
        </test-method> <!-- getTitle -->
      </class> <!-- BaseTest -->
    </test> <!-- Default test -->
  </suite> <!-- Default suite -->
</testng-results>
